<<<<<<< Updated upstream
﻿  main.cpp
  Generating code
  11 of 17 functions (64.7%) were compiled, the rest were copied from previous compilation.
    0 functions were new in current compilation
    0 functions had inline decision re-evaluated but remain unchanged
  Finished generating code
=======
﻿  Entity.cpp
C:\Users\jppri\Documents\GitHub\milestones-JamesPhilipPrice\CPPFGD_James_Price\CPPFGD_James_Price\Entity.cpp(31,17): warning C4244: '=': conversion from 'float' to 'int', possible loss of data
C:\Users\jppri\Documents\GitHub\milestones-JamesPhilipPrice\CPPFGD_James_Price\CPPFGD_James_Price\Entity.cpp(32,17): warning C4244: '=': conversion from 'float' to 'int', possible loss of data
C:\Users\jppri\Documents\GitHub\milestones-JamesPhilipPrice\CPPFGD_James_Price\CPPFGD_James_Price\Entity.cpp(48,11): warning C4244: 'return': conversion from 'float' to 'int', possible loss of data
C:\Users\jppri\Documents\GitHub\milestones-JamesPhilipPrice\CPPFGD_James_Price\CPPFGD_James_Price\Entity.cpp(52,11): warning C4244: 'return': conversion from 'float' to 'int', possible loss of data
  Gameloop.cpp
C:\Users\jppri\Documents\GitHub\milestones-JamesPhilipPrice\CPPFGD_James_Price\CPPFGD_James_Price\BulletManager.h(30,34): warning C4018: '>': signed/unsigned mismatch
C:\Users\jppri\Documents\GitHub\milestones-JamesPhilipPrice\CPPFGD_James_Price\CPPFGD_James_Price\BulletManager.h(32,13): warning C4244: 'initializing': conversion from 'int' to 'float', possible loss of data
C:\Users\jppri\Documents\GitHub\milestones-JamesPhilipPrice\CPPFGD_James_Price\CPPFGD_James_Price\BulletManager.h(33,13): warning C4244: 'initializing': conversion from 'int' to 'float', possible loss of data
C:\Users\jppri\Documents\GitHub\milestones-JamesPhilipPrice\CPPFGD_James_Price\CPPFGD_James_Price\BulletManager.h(42,1): warning C4244: '+=': conversion from 'double' to 'float', possible loss of data
C:\Users\jppri\Documents\GitHub\milestones-JamesPhilipPrice\CPPFGD_James_Price\CPPFGD_James_Price\BulletManager.h(43,1): warning C4244: '-=': conversion from 'double' to 'float', possible loss of data
C:\Users\jppri\Documents\GitHub\milestones-JamesPhilipPrice\CPPFGD_James_Price\CPPFGD_James_Price\BulletManager.h(46,28): warning C4838: conversion from 'float' to 'int' requires a narrowing conversion
C:\Users\jppri\Documents\GitHub\milestones-JamesPhilipPrice\CPPFGD_James_Price\CPPFGD_James_Price\BulletManager.h(46,28): warning C4244: 'initializing': conversion from 'float' to 'int', possible loss of data
C:\Users\jppri\Documents\GitHub\milestones-JamesPhilipPrice\CPPFGD_James_Price\CPPFGD_James_Price\BulletManager.h(46,33): warning C4838: conversion from 'float' to 'int' requires a narrowing conversion
C:\Users\jppri\Documents\GitHub\milestones-JamesPhilipPrice\CPPFGD_James_Price\CPPFGD_James_Price\BulletManager.h(46,33): warning C4244: 'initializing': conversion from 'float' to 'int', possible loss of data
C:\Users\jppri\Documents\GitHub\milestones-JamesPhilipPrice\CPPFGD_James_Price\CPPFGD_James_Price\BulletManager.h(61,23): warning C4838: conversion from 'float' to 'int' requires a narrowing conversion
C:\Users\jppri\Documents\GitHub\milestones-JamesPhilipPrice\CPPFGD_James_Price\CPPFGD_James_Price\BulletManager.h(61,23): warning C4244: 'initializing': conversion from 'float' to 'int', possible loss of data
C:\Users\jppri\Documents\GitHub\milestones-JamesPhilipPrice\CPPFGD_James_Price\CPPFGD_James_Price\BulletManager.h(61,28): warning C4838: conversion from 'float' to 'int' requires a narrowing conversion
C:\Users\jppri\Documents\GitHub\milestones-JamesPhilipPrice\CPPFGD_James_Price\CPPFGD_James_Price\BulletManager.h(61,28): warning C4244: 'initializing': conversion from 'float' to 'int', possible loss of data
C:\Users\jppri\Documents\GitHub\milestones-JamesPhilipPrice\CPPFGD_James_Price\CPPFGD_James_Price\Gameloop.cpp(132,37): warning C4244: 'argument': conversion from 'int' to 'float', possible loss of data
C:\Users\jppri\Documents\GitHub\milestones-JamesPhilipPrice\CPPFGD_James_Price\CPPFGD_James_Price\Gameloop.cpp(132,29): warning C4244: 'argument': conversion from 'int' to 'float', possible loss of data
  LevelSystem.cpp
  main.cpp
C:\Users\jppri\Documents\GitHub\milestones-JamesPhilipPrice\CPPFGD_James_Price\CPPFGD_James_Price\BulletManager.h(30,34): warning C4018: '>': signed/unsigned mismatch
C:\Users\jppri\Documents\GitHub\milestones-JamesPhilipPrice\CPPFGD_James_Price\CPPFGD_James_Price\BulletManager.h(32,13): warning C4244: 'initializing': conversion from 'int' to 'float', possible loss of data
C:\Users\jppri\Documents\GitHub\milestones-JamesPhilipPrice\CPPFGD_James_Price\CPPFGD_James_Price\BulletManager.h(33,13): warning C4244: 'initializing': conversion from 'int' to 'float', possible loss of data
C:\Users\jppri\Documents\GitHub\milestones-JamesPhilipPrice\CPPFGD_James_Price\CPPFGD_James_Price\BulletManager.h(42,1): warning C4244: '+=': conversion from 'double' to 'float', possible loss of data
C:\Users\jppri\Documents\GitHub\milestones-JamesPhilipPrice\CPPFGD_James_Price\CPPFGD_James_Price\BulletManager.h(43,1): warning C4244: '-=': conversion from 'double' to 'float', possible loss of data
C:\Users\jppri\Documents\GitHub\milestones-JamesPhilipPrice\CPPFGD_James_Price\CPPFGD_James_Price\BulletManager.h(46,28): warning C4838: conversion from 'float' to 'int' requires a narrowing conversion
C:\Users\jppri\Documents\GitHub\milestones-JamesPhilipPrice\CPPFGD_James_Price\CPPFGD_James_Price\BulletManager.h(46,28): warning C4244: 'initializing': conversion from 'float' to 'int', possible loss of data
C:\Users\jppri\Documents\GitHub\milestones-JamesPhilipPrice\CPPFGD_James_Price\CPPFGD_James_Price\BulletManager.h(46,33): warning C4838: conversion from 'float' to 'int' requires a narrowing conversion
C:\Users\jppri\Documents\GitHub\milestones-JamesPhilipPrice\CPPFGD_James_Price\CPPFGD_James_Price\BulletManager.h(46,33): warning C4244: 'initializing': conversion from 'float' to 'int', possible loss of data
C:\Users\jppri\Documents\GitHub\milestones-JamesPhilipPrice\CPPFGD_James_Price\CPPFGD_James_Price\BulletManager.h(61,23): warning C4838: conversion from 'float' to 'int' requires a narrowing conversion
C:\Users\jppri\Documents\GitHub\milestones-JamesPhilipPrice\CPPFGD_James_Price\CPPFGD_James_Price\BulletManager.h(61,23): warning C4244: 'initializing': conversion from 'float' to 'int', possible loss of data
C:\Users\jppri\Documents\GitHub\milestones-JamesPhilipPrice\CPPFGD_James_Price\CPPFGD_James_Price\BulletManager.h(61,28): warning C4838: conversion from 'float' to 'int' requires a narrowing conversion
C:\Users\jppri\Documents\GitHub\milestones-JamesPhilipPrice\CPPFGD_James_Price\CPPFGD_James_Price\BulletManager.h(61,28): warning C4244: 'initializing': conversion from 'float' to 'int', possible loss of data
  Player.cpp
C:\Users\jppri\Documents\GitHub\milestones-JamesPhilipPrice\CPPFGD_James_Price\CPPFGD_James_Price\Player.cpp(33,18): warning C4305: '*=': truncation from 'double' to 'float'
C:\Users\jppri\Documents\GitHub\milestones-JamesPhilipPrice\CPPFGD_James_Price\CPPFGD_James_Price\Player.cpp(34,18): warning C4305: '*=': truncation from 'double' to 'float'
C:\Users\jppri\Documents\GitHub\milestones-JamesPhilipPrice\CPPFGD_James_Price\CPPFGD_James_Price\Player.cpp(39,25): warning C4244: '=': conversion from 'float' to 'int', possible loss of data
C:\Users\jppri\Documents\GitHub\milestones-JamesPhilipPrice\CPPFGD_James_Price\CPPFGD_James_Price\Player.cpp(40,25): warning C4244: '=': conversion from 'float' to 'int', possible loss of data
C:\Users\jppri\Documents\GitHub\milestones-JamesPhilipPrice\CPPFGD_James_Price\CPPFGD_James_Price\Player.cpp(41,47): warning C4244: 'argument': conversion from 'double' to 'float', possible loss of data
  Target.cpp
  Generating Code...
  LINK : /LTCG specified but no code generation required; remove /LTCG from the link command line to improve linker performance
>>>>>>> Stashed changes
  CPPFGD_James_Price.vcxproj -> C:\Users\jppri\Documents\GitHub\milestones-JamesPhilipPrice\CPPFGD_James_Price\x64\Release\CPPFGD_James_Price.exe
