c:\users\jppri\documents\github\milestones-jamesphilipprice\cppfgd_james_price\cppfgd_james_price\x64\release\vc142.pdb
c:\users\jppri\documents\github\milestones-jamesphilipprice\cppfgd_james_price\cppfgd_james_price\x64\release\textrenderer.obj
c:\users\jppri\documents\github\milestones-jamesphilipprice\cppfgd_james_price\cppfgd_james_price\x64\release\target.obj
c:\users\jppri\documents\github\milestones-jamesphilipprice\cppfgd_james_price\cppfgd_james_price\x64\release\player.obj
c:\users\jppri\documents\github\milestones-jamesphilipprice\cppfgd_james_price\cppfgd_james_price\x64\release\main.obj
c:\users\jppri\documents\github\milestones-jamesphilipprice\cppfgd_james_price\cppfgd_james_price\x64\release\levelsystem.obj
c:\users\jppri\documents\github\milestones-jamesphilipprice\cppfgd_james_price\cppfgd_james_price\x64\release\gameloop.obj
c:\users\jppri\documents\github\milestones-jamesphilipprice\cppfgd_james_price\cppfgd_james_price\x64\release\entity.obj
c:\users\jppri\documents\github\milestones-jamesphilipprice\cppfgd_james_price\cppfgd_james_price\x64\release\enemyaimanager.obj
c:\users\jppri\documents\github\milestones-jamesphilipprice\cppfgd_james_price\cppfgd_james_price\x64\release\container.obj
c:\users\jppri\documents\github\milestones-jamesphilipprice\cppfgd_james_price\cppfgd_james_price\x64\release\uimanager.obj
c:\users\jppri\documents\github\milestones-jamesphilipprice\cppfgd_james_price\x64\release\cppfgd_james_price.ipdb
c:\users\jppri\documents\github\milestones-jamesphilipprice\cppfgd_james_price\x64\release\cppfgd_james_price.iobj
c:\users\jppri\documents\github\milestones-jamesphilipprice\cppfgd_james_price\x64\release\cppfgd_james_price.exe
c:\users\jppri\documents\github\milestones-jamesphilipprice\cppfgd_james_price\x64\release\cppfgd_james_price.pdb
c:\users\jppri\documents\github\milestones-jamesphilipprice\cppfgd_james_price\cppfgd_james_price\x64\release\cppfgd_j.a9a15108.tlog\cl.command.1.tlog
c:\users\jppri\documents\github\milestones-jamesphilipprice\cppfgd_james_price\cppfgd_james_price\x64\release\cppfgd_j.a9a15108.tlog\cl.read.1.tlog
c:\users\jppri\documents\github\milestones-jamesphilipprice\cppfgd_james_price\cppfgd_james_price\x64\release\cppfgd_j.a9a15108.tlog\cl.write.1.tlog
c:\users\jppri\documents\github\milestones-jamesphilipprice\cppfgd_james_price\cppfgd_james_price\x64\release\cppfgd_j.a9a15108.tlog\cppfgd_james_price.write.1u.tlog
c:\users\jppri\documents\github\milestones-jamesphilipprice\cppfgd_james_price\cppfgd_james_price\x64\release\cppfgd_j.a9a15108.tlog\link.command.1.tlog
c:\users\jppri\documents\github\milestones-jamesphilipprice\cppfgd_james_price\cppfgd_james_price\x64\release\cppfgd_j.a9a15108.tlog\link.read.1.tlog
c:\users\jppri\documents\github\milestones-jamesphilipprice\cppfgd_james_price\cppfgd_james_price\x64\release\cppfgd_j.a9a15108.tlog\link.write.1.tlog
