c:\users\jppri\documents\github\milestones-jamesphilipprice\cppfgd_james_price\cppfgd_james_price\x64\debug\vc142.pdb
c:\users\jppri\documents\github\milestones-jamesphilipprice\cppfgd_james_price\cppfgd_james_price\x64\debug\vc142.idb
c:\users\jppri\documents\github\milestones-jamesphilipprice\cppfgd_james_price\cppfgd_james_price\x64\debug\textrenderer.obj
c:\users\jppri\documents\github\milestones-jamesphilipprice\cppfgd_james_price\cppfgd_james_price\x64\debug\target.obj
c:\users\jppri\documents\github\milestones-jamesphilipprice\cppfgd_james_price\cppfgd_james_price\x64\debug\player.obj
c:\users\jppri\documents\github\milestones-jamesphilipprice\cppfgd_james_price\cppfgd_james_price\x64\debug\main.obj
c:\users\jppri\documents\github\milestones-jamesphilipprice\cppfgd_james_price\cppfgd_james_price\x64\debug\levelsystem.obj
c:\users\jppri\documents\github\milestones-jamesphilipprice\cppfgd_james_price\cppfgd_james_price\x64\debug\gameloop.obj
c:\users\jppri\documents\github\milestones-jamesphilipprice\cppfgd_james_price\cppfgd_james_price\x64\debug\entity.obj
c:\users\jppri\documents\github\milestones-jamesphilipprice\cppfgd_james_price\cppfgd_james_price\x64\debug\enemyaimanager.obj
c:\users\jppri\documents\github\milestones-jamesphilipprice\cppfgd_james_price\cppfgd_james_price\x64\debug\container.obj
c:\users\jppri\documents\github\milestones-jamesphilipprice\cppfgd_james_price\x64\debug\cppfgd_james_price.exe
c:\users\jppri\documents\github\milestones-jamesphilipprice\cppfgd_james_price\x64\debug\cppfgd_james_price.ilk
c:\users\jppri\documents\github\milestones-jamesphilipprice\cppfgd_james_price\x64\debug\cppfgd_james_price.pdb
c:\users\carlo\downloads\milestones-jamesphilipprice-0ffb9fb7db6c1ddbb9e97e2b2da603094b93d570\milestones-jamesphilipprice-0ffb9fb7db6c1ddbb9e97e2b2da603094b93d570\cppfgd_james_price\cppfgd_james_price\x64\debug\container.obj
c:\users\carlo\downloads\milestones-jamesphilipprice-0ffb9fb7db6c1ddbb9e97e2b2da603094b93d570\milestones-jamesphilipprice-0ffb9fb7db6c1ddbb9e97e2b2da603094b93d570\cppfgd_james_price\cppfgd_james_price\x64\debug\enemyaimanager.obj
c:\users\carlo\downloads\milestones-jamesphilipprice-0ffb9fb7db6c1ddbb9e97e2b2da603094b93d570\milestones-jamesphilipprice-0ffb9fb7db6c1ddbb9e97e2b2da603094b93d570\cppfgd_james_price\cppfgd_james_price\x64\debug\entity.obj
c:\users\carlo\downloads\milestones-jamesphilipprice-0ffb9fb7db6c1ddbb9e97e2b2da603094b93d570\milestones-jamesphilipprice-0ffb9fb7db6c1ddbb9e97e2b2da603094b93d570\cppfgd_james_price\cppfgd_james_price\x64\debug\gameloop.obj
c:\users\carlo\downloads\milestones-jamesphilipprice-0ffb9fb7db6c1ddbb9e97e2b2da603094b93d570\milestones-jamesphilipprice-0ffb9fb7db6c1ddbb9e97e2b2da603094b93d570\cppfgd_james_price\cppfgd_james_price\x64\debug\levelsystem.obj
c:\users\carlo\downloads\milestones-jamesphilipprice-0ffb9fb7db6c1ddbb9e97e2b2da603094b93d570\milestones-jamesphilipprice-0ffb9fb7db6c1ddbb9e97e2b2da603094b93d570\cppfgd_james_price\cppfgd_james_price\x64\debug\main.obj
c:\users\carlo\downloads\milestones-jamesphilipprice-0ffb9fb7db6c1ddbb9e97e2b2da603094b93d570\milestones-jamesphilipprice-0ffb9fb7db6c1ddbb9e97e2b2da603094b93d570\cppfgd_james_price\cppfgd_james_price\x64\debug\player.obj
c:\users\carlo\downloads\milestones-jamesphilipprice-0ffb9fb7db6c1ddbb9e97e2b2da603094b93d570\milestones-jamesphilipprice-0ffb9fb7db6c1ddbb9e97e2b2da603094b93d570\cppfgd_james_price\cppfgd_james_price\x64\debug\target.obj
c:\users\carlo\downloads\milestones-jamesphilipprice-0ffb9fb7db6c1ddbb9e97e2b2da603094b93d570\milestones-jamesphilipprice-0ffb9fb7db6c1ddbb9e97e2b2da603094b93d570\cppfgd_james_price\cppfgd_james_price\x64\debug\textrenderer.obj
c:\users\carlo\downloads\milestones-jamesphilipprice-0ffb9fb7db6c1ddbb9e97e2b2da603094b93d570\milestones-jamesphilipprice-0ffb9fb7db6c1ddbb9e97e2b2da603094b93d570\cppfgd_james_price\cppfgd_james_price\x64\debug\vc142.idb
c:\users\carlo\downloads\milestones-jamesphilipprice-0ffb9fb7db6c1ddbb9e97e2b2da603094b93d570\milestones-jamesphilipprice-0ffb9fb7db6c1ddbb9e97e2b2da603094b93d570\cppfgd_james_price\cppfgd_james_price\x64\debug\vc142.pdb
c:\users\carlo\downloads\milestones-jamesphilipprice-0ffb9fb7db6c1ddbb9e97e2b2da603094b93d570\milestones-jamesphilipprice-0ffb9fb7db6c1ddbb9e97e2b2da603094b93d570\cppfgd_james_price\x64\debug\cppfgd_james_price.pdb
c:\users\carlo\downloads\milestones-jamesphilipprice-0ffb9fb7db6c1ddbb9e97e2b2da603094b93d570\milestones-jamesphilipprice-0ffb9fb7db6c1ddbb9e97e2b2da603094b93d570\cppfgd_james_price\x64\debug\cppfgd_james_price.exe
c:\users\carlo\downloads\milestones-jamesphilipprice-0ffb9fb7db6c1ddbb9e97e2b2da603094b93d570\milestones-jamesphilipprice-0ffb9fb7db6c1ddbb9e97e2b2da603094b93d570\cppfgd_james_price\x64\debug\cppfgd_james_price.ilk
c:\users\carlo\downloads\milestones-jamesphilipprice-0ffb9fb7db6c1ddbb9e97e2b2da603094b93d570\milestones-jamesphilipprice-0ffb9fb7db6c1ddbb9e97e2b2da603094b93d570\cppfgd_james_price\cppfgd_james_price\x64\debug\cppfgd_j.a9a15108.tlog\cl.command.1.tlog
c:\users\carlo\downloads\milestones-jamesphilipprice-0ffb9fb7db6c1ddbb9e97e2b2da603094b93d570\milestones-jamesphilipprice-0ffb9fb7db6c1ddbb9e97e2b2da603094b93d570\cppfgd_james_price\cppfgd_james_price\x64\debug\cppfgd_j.a9a15108.tlog\cl.read.1.tlog
c:\users\carlo\downloads\milestones-jamesphilipprice-0ffb9fb7db6c1ddbb9e97e2b2da603094b93d570\milestones-jamesphilipprice-0ffb9fb7db6c1ddbb9e97e2b2da603094b93d570\cppfgd_james_price\cppfgd_james_price\x64\debug\cppfgd_j.a9a15108.tlog\cl.write.1.tlog
c:\users\carlo\downloads\milestones-jamesphilipprice-0ffb9fb7db6c1ddbb9e97e2b2da603094b93d570\milestones-jamesphilipprice-0ffb9fb7db6c1ddbb9e97e2b2da603094b93d570\cppfgd_james_price\cppfgd_james_price\x64\debug\cppfgd_j.a9a15108.tlog\link.command.1.tlog
c:\users\carlo\downloads\milestones-jamesphilipprice-0ffb9fb7db6c1ddbb9e97e2b2da603094b93d570\milestones-jamesphilipprice-0ffb9fb7db6c1ddbb9e97e2b2da603094b93d570\cppfgd_james_price\cppfgd_james_price\x64\debug\cppfgd_j.a9a15108.tlog\link.read.1.tlog
c:\users\carlo\downloads\milestones-jamesphilipprice-0ffb9fb7db6c1ddbb9e97e2b2da603094b93d570\milestones-jamesphilipprice-0ffb9fb7db6c1ddbb9e97e2b2da603094b93d570\cppfgd_james_price\cppfgd_james_price\x64\debug\cppfgd_j.a9a15108.tlog\link.write.1.tlog
