  Container.cpp
  EnemyAIManager.cpp
  Gameloop.cpp
C:\Users\jppri\Documents\GitHub\milestones-JamesPhilipPrice\CPPFGD_James_Price\CPPFGD_James_Price\BulletManager.h(30,34): warning C4018: '>': signed/unsigned mismatch
C:\Users\jppri\Documents\GitHub\milestones-JamesPhilipPrice\CPPFGD_James_Price\CPPFGD_James_Price\BulletManager.h(32,13): warning C4244: 'initializing': conversion from 'int' to 'float', possible loss of data
C:\Users\jppri\Documents\GitHub\milestones-JamesPhilipPrice\CPPFGD_James_Price\CPPFGD_James_Price\BulletManager.h(33,13): warning C4244: 'initializing': conversion from 'int' to 'float', possible loss of data
C:\Users\jppri\Documents\GitHub\milestones-JamesPhilipPrice\CPPFGD_James_Price\CPPFGD_James_Price\BulletManager.h(43,1): warning C4244: '+=': conversion from 'double' to 'float', possible loss of data
C:\Users\jppri\Documents\GitHub\milestones-JamesPhilipPrice\CPPFGD_James_Price\CPPFGD_James_Price\BulletManager.h(44,1): warning C4244: '-=': conversion from 'double' to 'float', possible loss of data
C:\Users\jppri\Documents\GitHub\milestones-JamesPhilipPrice\CPPFGD_James_Price\CPPFGD_James_Price\BulletManager.h(47,28): warning C4838: conversion from 'float' to 'int' requires a narrowing conversion
C:\Users\jppri\Documents\GitHub\milestones-JamesPhilipPrice\CPPFGD_James_Price\CPPFGD_James_Price\BulletManager.h(47,28): warning C4244: 'initializing': conversion from 'float' to 'int', possible loss of data
C:\Users\jppri\Documents\GitHub\milestones-JamesPhilipPrice\CPPFGD_James_Price\CPPFGD_James_Price\BulletManager.h(47,33): warning C4838: conversion from 'float' to 'int' requires a narrowing conversion
C:\Users\jppri\Documents\GitHub\milestones-JamesPhilipPrice\CPPFGD_James_Price\CPPFGD_James_Price\BulletManager.h(47,33): warning C4244: 'initializing': conversion from 'float' to 'int', possible loss of data
C:\Users\jppri\Documents\GitHub\milestones-JamesPhilipPrice\CPPFGD_James_Price\CPPFGD_James_Price\BulletManager.h(64,23): warning C4838: conversion from 'float' to 'int' requires a narrowing conversion
C:\Users\jppri\Documents\GitHub\milestones-JamesPhilipPrice\CPPFGD_James_Price\CPPFGD_James_Price\BulletManager.h(64,23): warning C4244: 'initializing': conversion from 'float' to 'int', possible loss of data
C:\Users\jppri\Documents\GitHub\milestones-JamesPhilipPrice\CPPFGD_James_Price\CPPFGD_James_Price\BulletManager.h(64,28): warning C4838: conversion from 'float' to 'int' requires a narrowing conversion
C:\Users\jppri\Documents\GitHub\milestones-JamesPhilipPrice\CPPFGD_James_Price\CPPFGD_James_Price\BulletManager.h(64,28): warning C4244: 'initializing': conversion from 'float' to 'int', possible loss of data
C:\Users\jppri\Documents\GitHub\milestones-JamesPhilipPrice\CPPFGD_James_Price\CPPFGD_James_Price\Gameloop.cpp(136,37): warning C4244: 'argument': conversion from 'int' to 'float', possible loss of data
C:\Users\jppri\Documents\GitHub\milestones-JamesPhilipPrice\CPPFGD_James_Price\CPPFGD_James_Price\Gameloop.cpp(136,29): warning C4244: 'argument': conversion from 'int' to 'float', possible loss of data
  main.cpp
C:\Users\jppri\Documents\GitHub\milestones-JamesPhilipPrice\CPPFGD_James_Price\CPPFGD_James_Price\BulletManager.h(30,34): warning C4018: '>': signed/unsigned mismatch
C:\Users\jppri\Documents\GitHub\milestones-JamesPhilipPrice\CPPFGD_James_Price\CPPFGD_James_Price\BulletManager.h(32,13): warning C4244: 'initializing': conversion from 'int' to 'float', possible loss of data
C:\Users\jppri\Documents\GitHub\milestones-JamesPhilipPrice\CPPFGD_James_Price\CPPFGD_James_Price\BulletManager.h(33,13): warning C4244: 'initializing': conversion from 'int' to 'float', possible loss of data
C:\Users\jppri\Documents\GitHub\milestones-JamesPhilipPrice\CPPFGD_James_Price\CPPFGD_James_Price\BulletManager.h(43,1): warning C4244: '+=': conversion from 'double' to 'float', possible loss of data
C:\Users\jppri\Documents\GitHub\milestones-JamesPhilipPrice\CPPFGD_James_Price\CPPFGD_James_Price\BulletManager.h(44,1): warning C4244: '-=': conversion from 'double' to 'float', possible loss of data
C:\Users\jppri\Documents\GitHub\milestones-JamesPhilipPrice\CPPFGD_James_Price\CPPFGD_James_Price\BulletManager.h(47,28): warning C4838: conversion from 'float' to 'int' requires a narrowing conversion
C:\Users\jppri\Documents\GitHub\milestones-JamesPhilipPrice\CPPFGD_James_Price\CPPFGD_James_Price\BulletManager.h(47,28): warning C4244: 'initializing': conversion from 'float' to 'int', possible loss of data
C:\Users\jppri\Documents\GitHub\milestones-JamesPhilipPrice\CPPFGD_James_Price\CPPFGD_James_Price\BulletManager.h(47,33): warning C4838: conversion from 'float' to 'int' requires a narrowing conversion
C:\Users\jppri\Documents\GitHub\milestones-JamesPhilipPrice\CPPFGD_James_Price\CPPFGD_James_Price\BulletManager.h(47,33): warning C4244: 'initializing': conversion from 'float' to 'int', possible loss of data
C:\Users\jppri\Documents\GitHub\milestones-JamesPhilipPrice\CPPFGD_James_Price\CPPFGD_James_Price\BulletManager.h(64,23): warning C4838: conversion from 'float' to 'int' requires a narrowing conversion
C:\Users\jppri\Documents\GitHub\milestones-JamesPhilipPrice\CPPFGD_James_Price\CPPFGD_James_Price\BulletManager.h(64,23): warning C4244: 'initializing': conversion from 'float' to 'int', possible loss of data
C:\Users\jppri\Documents\GitHub\milestones-JamesPhilipPrice\CPPFGD_James_Price\CPPFGD_James_Price\BulletManager.h(64,28): warning C4838: conversion from 'float' to 'int' requires a narrowing conversion
C:\Users\jppri\Documents\GitHub\milestones-JamesPhilipPrice\CPPFGD_James_Price\CPPFGD_James_Price\BulletManager.h(64,28): warning C4244: 'initializing': conversion from 'float' to 'int', possible loss of data
  Generating Code...
  CPPFGD_James_Price.vcxproj -> C:\Users\jppri\Documents\GitHub\milestones-JamesPhilipPrice\CPPFGD_James_Price\x64\Debug\CPPFGD_James_Price.exe
